c:\users\jlucblu\desktop\c++\search system\search system\x64\debug\vc143.pdb
c:\users\jlucblu\desktop\c++\search system\search system\x64\debug\vc143.idb
c:\users\jlucblu\desktop\c++\search system\search system\x64\debug\string_processing.obj
c:\users\jlucblu\desktop\c++\search system\search system\x64\debug\read_input_functions.obj
c:\users\jlucblu\desktop\c++\search system\search system\x64\debug\search_server.obj
c:\users\jlucblu\desktop\c++\search system\search system\x64\debug\document.obj
c:\users\jlucblu\desktop\c++\search system\search system\x64\debug\request_queue.obj
c:\users\jlucblu\desktop\c++\search system\search system\x64\debug\remove_duplicates.obj
c:\users\jlucblu\desktop\c++\search system\search system\x64\debug\main.obj
c:\users\jlucblu\desktop\c++\search system\search system\x64\debug\test_example_functions.obj
c:\users\jlucblu\desktop\c++\search system\search system\x64\debug\process_queries.obj
c:\users\jlucblu\desktop\c++\search system\x64\debug\search system.exe
c:\users\jlucblu\desktop\c++\search system\search system\x64\debug\search system.ilk
c:\users\jlucblu\desktop\c++\search system\x64\debug\search system.pdb
c:\users\jlucblu\desktop\c++\search system\search system\x64\debug\main.obj.enc
c:\users\jlucblu\desktop\c++\search system\search system\x64\debug\search_server.new.obj.enc
c:\users\jlucblu\desktop\c++\search system\search system\x64\debug\source.obj.enc
c:\users\jlucblu\desktop\c++\search system\search system\x64\debug\search system.tlog\cl.command.1.tlog
c:\users\jlucblu\desktop\c++\search system\search system\x64\debug\search system.tlog\cl.read.1.tlog
c:\users\jlucblu\desktop\c++\search system\search system\x64\debug\search system.tlog\cl.write.1.tlog
c:\users\jlucblu\desktop\c++\search system\search system\x64\debug\search system.tlog\link.command.1.tlog
c:\users\jlucblu\desktop\c++\search system\search system\x64\debug\search system.tlog\link.read.1.tlog
c:\users\jlucblu\desktop\c++\search system\search system\x64\debug\search system.tlog\link.write.1.tlog
